{"name": "test_buy_product", "status": "broken", "statusDetails": {"message": "selenium.common.exceptions.NoSuchWindowException: Message: no such window: target window already closed\nfrom unknown error: web view not found\n  (Session info: chrome=110.0.5481.77)\nStacktrace:\n0   chromedriver                        0x00000001050651c0 chromedriver + 4248000\n1   chromedriver                        0x0000000104fe5dc0 chromedriver + 3726784\n2   chromedriver                        0x0000000104c9aec4 chromedriver + 274116\n3   chromedriver                        0x0000000104c755f4 chromedriver + 120308\n4   chromedriver                        0x0000000104cfef8c chromedriver + 683916\n5   chromedriver                        0x0000000104d11864 chromedriver + 759908\n6   chromedriver                        0x0000000104cc9200 chromedriver + 463360\n7   chromedriver                        0x0000000104cca318 chromedriver + 467736\n8   chromedriver                        0x0000000105033060 chromedriver + 4042848\n9   chromedriver                        0x00000001050378a4 chromedriver + 4061348\n10  chromedriver                        0x000000010503f3d0 chromedriver + 4092880\n11  chromedriver                        0x00000001050386e4 chromedriver + 4064996\n12  chromedriver                        0x000000010500e0fc chromedriver + 3891452\n13  chromedriver                        0x0000000105058a64 chromedriver + 4196964\n14  chromedriver                        0x0000000105058bb8 chromedriver + 4197304\n15  chromedriver                        0x000000010506c650 chromedriver + 4277840\n16  libsystem_pthread.dylib             0x00000001a19b606c _pthread_start + 148\n17  libsystem_pthread.dylib             0x00000001a19b0e2c thread_start + 8", "trace": "set_up = None\n\n    @allure.description('Test buy product')\n    def test_buy_product(set_up):\n        driver = webdriver.Chrome()\n    \n        print(\"Start Test\")\n    \n        login = Login_page(driver)\n        login.authorization()\n    \n        mp = Main_page(driver)\n>       mp.select_products_1()\n\ntests/test_buy_product.py:26: \n_ _ _ _ _ _ _ _ _ _ _ _ _ _ _ _ _ _ _ _ _ _ _ _ _ _ _ _ _ _ _ _ _ _ _ _ _ _ _ _ _ _ _ \npages/main_page.py:77: in select_products_1\n    self.click_select_product_1()\npages/main_page.py:48: in click_select_product_1\n    self.get_select_product_1().click()\npages/main_page.py:28: in get_select_product_1\n    return WebDriverWait(self.driver, 30).until(EC.element_to_be_clickable((By.XPATH, self.select_product_1)))\n../../../venv/lib/python3.10/site-packages/selenium/webdriver/support/wait.py:86: in until\n    value = method(self._driver)\n../../../venv/lib/python3.10/site-packages/selenium/webdriver/support/expected_conditions.py:334: in _predicate\n    target = driver.find_element(*target)  # grab element at locator\n../../../venv/lib/python3.10/site-packages/selenium/webdriver/remote/webdriver.py:830: in find_element\n    return self.execute(Command.FIND_ELEMENT, {\"using\": by, \"value\": value})[\"value\"]\n../../../venv/lib/python3.10/site-packages/selenium/webdriver/remote/webdriver.py:440: in execute\n    self.error_handler.check_response(response)\n_ _ _ _ _ _ _ _ _ _ _ _ _ _ _ _ _ _ _ _ _ _ _ _ _ _ _ _ _ _ _ _ _ _ _ _ _ _ _ _ _ _ _ \n\nself = <selenium.webdriver.remote.errorhandler.ErrorHandler object at 0x102957910>\nresponse = {'status': 404, 'value': '{\"value\":{\"error\":\"no such window\",\"message\":\"no such window: target window already closed\\\\...0001a19b606c _pthread_start + 148\\\\n17  libsystem_pthread.dylib             0x00000001a19b0e2c thread_start + 8\\\\n\"}}'}\n\n    def check_response(self, response: Dict[str, Any]) -> None:\n        \"\"\"Checks that a JSON response from the WebDriver does not have an\n        error.\n    \n        :Args:\n         - response - The JSON response from the WebDriver server as a dictionary\n           object.\n    \n        :Raises: If the response contains an error message.\n        \"\"\"\n        status = response.get(\"status\", None)\n        if not status or status == ErrorCode.SUCCESS:\n            return\n        value = None\n        message = response.get(\"message\", \"\")\n        screen: str = response.get(\"screen\", \"\")\n        stacktrace = None\n        if isinstance(status, int):\n            value_json = response.get(\"value\", None)\n            if value_json and isinstance(value_json, str):\n                import json\n    \n                try:\n                    value = json.loads(value_json)\n                    if len(value.keys()) == 1:\n                        value = value[\"value\"]\n                    status = value.get(\"error\", None)\n                    if not status:\n                        status = value.get(\"status\", ErrorCode.UNKNOWN_ERROR)\n                        message = value.get(\"value\") or value.get(\"message\")\n                        if not isinstance(message, str):\n                            value = message\n                            message = message.get(\"message\")\n                    else:\n                        message = value.get(\"message\", None)\n                except ValueError:\n                    pass\n    \n        exception_class: Type[WebDriverException]\n        if status in ErrorCode.NO_SUCH_ELEMENT:\n            exception_class = NoSuchElementException\n        elif status in ErrorCode.NO_SUCH_FRAME:\n            exception_class = NoSuchFrameException\n        elif status in ErrorCode.NO_SUCH_SHADOW_ROOT:\n            exception_class = NoSuchShadowRootException\n        elif status in ErrorCode.NO_SUCH_WINDOW:\n            exception_class = NoSuchWindowException\n        elif status in ErrorCode.STALE_ELEMENT_REFERENCE:\n            exception_class = StaleElementReferenceException\n        elif status in ErrorCode.ELEMENT_NOT_VISIBLE:\n            exception_class = ElementNotVisibleException\n        elif status in ErrorCode.INVALID_ELEMENT_STATE:\n            exception_class = InvalidElementStateException\n        elif (\n            status in ErrorCode.INVALID_SELECTOR\n            or status in ErrorCode.INVALID_XPATH_SELECTOR\n            or status in ErrorCode.INVALID_XPATH_SELECTOR_RETURN_TYPER\n        ):\n            exception_class = InvalidSelectorException\n        elif status in ErrorCode.ELEMENT_IS_NOT_SELECTABLE:\n            exception_class = ElementNotSelectableException\n        elif status in ErrorCode.ELEMENT_NOT_INTERACTABLE:\n            exception_class = ElementNotInteractableException\n        elif status in ErrorCode.INVALID_COOKIE_DOMAIN:\n            exception_class = InvalidCookieDomainException\n        elif status in ErrorCode.UNABLE_TO_SET_COOKIE:\n            exception_class = UnableToSetCookieException\n        elif status in ErrorCode.TIMEOUT:\n            exception_class = TimeoutException\n        elif status in ErrorCode.SCRIPT_TIMEOUT:\n            exception_class = TimeoutException\n        elif status in ErrorCode.UNKNOWN_ERROR:\n            exception_class = WebDriverException\n        elif status in ErrorCode.UNEXPECTED_ALERT_OPEN:\n            exception_class = UnexpectedAlertPresentException\n        elif status in ErrorCode.NO_ALERT_OPEN:\n            exception_class = NoAlertPresentException\n        elif status in ErrorCode.IME_NOT_AVAILABLE:\n            exception_class = ImeNotAvailableException\n        elif status in ErrorCode.IME_ENGINE_ACTIVATION_FAILED:\n            exception_class = ImeActivationFailedException\n        elif status in ErrorCode.MOVE_TARGET_OUT_OF_BOUNDS:\n            exception_class = MoveTargetOutOfBoundsException\n        elif status in ErrorCode.JAVASCRIPT_ERROR:\n            exception_class = JavascriptException\n        elif status in ErrorCode.SESSION_NOT_CREATED:\n            exception_class = SessionNotCreatedException\n        elif status in ErrorCode.INVALID_ARGUMENT:\n            exception_class = InvalidArgumentException\n        elif status in ErrorCode.NO_SUCH_COOKIE:\n            exception_class = NoSuchCookieException\n        elif status in ErrorCode.UNABLE_TO_CAPTURE_SCREEN:\n            exception_class = ScreenshotException\n        elif status in ErrorCode.ELEMENT_CLICK_INTERCEPTED:\n            exception_class = ElementClickInterceptedException\n        elif status in ErrorCode.INSECURE_CERTIFICATE:\n            exception_class = InsecureCertificateException\n        elif status in ErrorCode.INVALID_COORDINATES:\n            exception_class = InvalidCoordinatesException\n        elif status in ErrorCode.INVALID_SESSION_ID:\n            exception_class = InvalidSessionIdException\n        elif status in ErrorCode.UNKNOWN_METHOD:\n            exception_class = UnknownMethodException\n        else:\n            exception_class = WebDriverException\n        if not value:\n            value = response[\"value\"]\n        if isinstance(value, str):\n            raise exception_class(value)\n        if message == \"\" and \"message\" in value:\n            message = value[\"message\"]\n    \n        screen = None  # type: ignore[assignment]\n        if \"screen\" in value:\n            screen = value[\"screen\"]\n    \n        stacktrace = None\n        st_value = value.get(\"stackTrace\") or value.get(\"stacktrace\")\n        if st_value:\n            if isinstance(st_value, str):\n                stacktrace = st_value.split(\"\\n\")\n            else:\n                stacktrace = []\n                try:\n                    for frame in st_value:\n                        line = frame.get(\"lineNumber\", \"\")\n                        file = frame.get(\"fileName\", \"<anonymous>\")\n                        if line:\n                            file = f\"{file}:{line}\"\n                        meth = frame.get(\"methodName\", \"<anonymous>\")\n                        if \"className\" in frame:\n                            meth = f\"{frame['className']}.{meth}\"\n                        msg = \"    at %s (%s)\"\n                        msg = msg % (meth, file)\n                        stacktrace.append(msg)\n                except TypeError:\n                    pass\n        if exception_class == UnexpectedAlertPresentException:\n            alert_text = None\n            if \"data\" in value:\n                alert_text = value[\"data\"].get(\"text\")\n            elif \"alert\" in value:\n                alert_text = value[\"alert\"].get(\"text\")\n            raise exception_class(message, screen, stacktrace, alert_text)  # type: ignore[call-arg]  # mypy is not smart enough here\n>       raise exception_class(message, screen, stacktrace)\nE       selenium.common.exceptions.NoSuchWindowException: Message: no such window: target window already closed\nE       from unknown error: web view not found\nE         (Session info: chrome=110.0.5481.77)\nE       Stacktrace:\nE       0   chromedriver                        0x00000001050651c0 chromedriver + 4248000\nE       1   chromedriver                        0x0000000104fe5dc0 chromedriver + 3726784\nE       2   chromedriver                        0x0000000104c9aec4 chromedriver + 274116\nE       3   chromedriver                        0x0000000104c755f4 chromedriver + 120308\nE       4   chromedriver                        0x0000000104cfef8c chromedriver + 683916\nE       5   chromedriver                        0x0000000104d11864 chromedriver + 759908\nE       6   chromedriver                        0x0000000104cc9200 chromedriver + 463360\nE       7   chromedriver                        0x0000000104cca318 chromedriver + 467736\nE       8   chromedriver                        0x0000000105033060 chromedriver + 4042848\nE       9   chromedriver                        0x00000001050378a4 chromedriver + 4061348\nE       10  chromedriver                        0x000000010503f3d0 chromedriver + 4092880\nE       11  chromedriver                        0x00000001050386e4 chromedriver + 4064996\nE       12  chromedriver                        0x000000010500e0fc chromedriver + 3891452\nE       13  chromedriver                        0x0000000105058a64 chromedriver + 4196964\nE       14  chromedriver                        0x0000000105058bb8 chromedriver + 4197304\nE       15  chromedriver                        0x000000010506c650 chromedriver + 4277840\nE       16  libsystem_pthread.dylib             0x00000001a19b606c _pthread_start + 148\nE       17  libsystem_pthread.dylib             0x00000001a19b0e2c thread_start + 8\n\n../../../venv/lib/python3.10/site-packages/selenium/webdriver/remote/errorhandler.py:245: NoSuchWindowException"}, "description": "Test buy product", "steps": [{"name": "Authorization", "status": "passed", "start": 1676826431399, "stop": 1676826432651}, {"name": "Select products 1", "status": "broken", "statusDetails": {"message": "selenium.common.exceptions.NoSuchWindowException: Message: no such window: target window already closed\nfrom unknown error: web view not found\n  (Session info: chrome=110.0.5481.77)\nStacktrace:\n0   chromedriver                        0x00000001050651c0 chromedriver + 4248000\n1   chromedriver                        0x0000000104fe5dc0 chromedriver + 3726784\n2   chromedriver                        0x0000000104c9aec4 chromedriver + 274116\n3   chromedriver                        0x0000000104c755f4 chromedriver + 120308\n4   chromedriver                        0x0000000104cfef8c chromedriver + 683916\n5   chromedriver                        0x0000000104d11864 chromedriver + 759908\n6   chromedriver                        0x0000000104cc9200 chromedriver + 463360\n7   chromedriver                        0x0000000104cca318 chromedriver + 467736\n8   chromedriver                        0x0000000105033060 chromedriver + 4042848\n9   chromedriver                        0x00000001050378a4 chromedriver + 4061348\n10  chromedriver                        0x000000010503f3d0 chromedriver + 4092880\n11  chromedriver                        0x00000001050386e4 chromedriver + 4064996\n12  chromedriver                        0x000000010500e0fc chromedriver + 3891452\n13  chromedriver                        0x0000000105058a64 chromedriver + 4196964\n14  chromedriver                        0x0000000105058bb8 chromedriver + 4197304\n15  chromedriver                        0x000000010506c650 chromedriver + 4277840\n16  libsystem_pthread.dylib             0x00000001a19b606c _pthread_start + 148\n17  libsystem_pthread.dylib             0x00000001a19b0e2c thread_start + 8\n\n", "trace": "  File \"/Users/anatolijdavydov/PycharmProjects/pythonProject/UI_Test_Project/pages/main_page.py\", line 77, in select_products_1\n    self.click_select_product_1()\n  File \"/Users/anatolijdavydov/PycharmProjects/pythonProject/UI_Test_Project/pages/main_page.py\", line 48, in click_select_product_1\n    self.get_select_product_1().click()\n  File \"/Users/anatolijdavydov/PycharmProjects/pythonProject/UI_Test_Project/pages/main_page.py\", line 28, in get_select_product_1\n    return WebDriverWait(self.driver, 30).until(EC.element_to_be_clickable((By.XPATH, self.select_product_1)))\n  File \"/Users/anatolijdavydov/venv/lib/python3.10/site-packages/selenium/webdriver/support/wait.py\", line 86, in until\n    value = method(self._driver)\n  File \"/Users/anatolijdavydov/venv/lib/python3.10/site-packages/selenium/webdriver/support/expected_conditions.py\", line 334, in _predicate\n    target = driver.find_element(*target)  # grab element at locator\n  File \"/Users/anatolijdavydov/venv/lib/python3.10/site-packages/selenium/webdriver/remote/webdriver.py\", line 830, in find_element\n    return self.execute(Command.FIND_ELEMENT, {\"using\": by, \"value\": value})[\"value\"]\n  File \"/Users/anatolijdavydov/venv/lib/python3.10/site-packages/selenium/webdriver/remote/webdriver.py\", line 440, in execute\n    self.error_handler.check_response(response)\n  File \"/Users/anatolijdavydov/venv/lib/python3.10/site-packages/selenium/webdriver/remote/errorhandler.py\", line 245, in check_response\n    raise exception_class(message, screen, stacktrace)\n"}, "start": 1676826432651, "stop": 1676826442372}], "attachments": [{"name": "stdout", "source": "2ac0f74e-e1d6-4c29-9935-cce7e6fce086-attachment.txt", "type": "text/plain"}], "start": 1676826429963, "stop": 1676826442378, "uuid": "32770989-b867-4d6a-bc9b-68c135d3858d", "historyId": "63e9e0b072a045a42b46a9fee7128ac4", "testCaseId": "22557127bd8e5c9d27d61f44787213b8", "fullName": "tests.test_buy_product#test_buy_product", "labels": [{"name": "parentSuite", "value": "tests"}, {"name": "suite", "value": "test_buy_product"}, {"name": "host", "value": "MacBook-Air-Anatolij.local"}, {"name": "thread", "value": "93564-MainThread"}, {"name": "framework", "value": "pytest"}, {"name": "language", "value": "cpython3"}, {"name": "package", "value": "tests.test_buy_product"}]}